This is pdfTeX, Version 3.14159265-2.6-1.40.18 (TeX Live 2017) (preloaded format=pdflatex)
 restricted \write18 enabled.
entering extended mode
(./summary.tex
LaTeX2e <2017-04-15>
Babel <3.14> and hyphenation patterns for 84 language(s) loaded.


(/bigdata/operations/pkgadmin/opt/linux/centos/7.x/x86_64/pkgs/texlive/2017/tex
mf-dist/tex/latex/memoir/memoir.cls
Document Class: memoir 2016/05/16 v3.7f configurable book, report, article docu
ment class

(/bigdata/operations/pkgadmin/opt/linux/centos/7.x/x86_64/pkgs/texlive/2017/tex
mf-dist/tex/generic/oberdiek/ifpdf.sty)
(/bigdata/operations/pkgadmin/opt/linux/centos/7.x/x86_64/pkgs/texlive/2017/tex
mf-dist/tex/latex/ifetex/ifetex.sty
(/bigdata/operations/pkgadmin/opt/linux/centos/7.x/x86_64/pkgs/texlive/2017/tex
mf-dist/tex/plain/ifetex/ifetex.tex))
(/bigdata/operations/pkgadmin/opt/linux/centos/7.x/x86_64/pkgs/texlive/2017/tex
mf-dist/tex/generic/ifxetex/ifxetex.sty)
(/bigdata/operations/pkgadmin/opt/linux/centos/7.x/x86_64/pkgs/texlive/2017/tex
mf-dist/tex/generic/oberdiek/ifluatex.sty)
(/bigdata/operations/pkgadmin/opt/linux/centos/7.x/x86_64/pkgs/texlive/2017/tex
mf-dist/tex/latex/memoir/mem17.clo)
(/bigdata/operations/pkgadmin/opt/linux/centos/7.x/x86_64/pkgs/texlive/2017/tex
mf-dist/tex/latex/memoir/mempatch.sty))

******************************************************
Stock height and width: 540.60236pt by 722.69981pt
Top and edge trims: 0pt and 0pt
Page height and width: 540.60236pt by 722.69981pt
Text height and width: 455.24411pt by 665pt
Spine and edge margins: 28.45274pt and 28.45274pt
Upper and lower margins: 42.67912pt and 42.67912pt
Headheight and headsep: 2.84526pt and 2.84526pt
Footskip: 28.45274pt
Columnsep and columnseprule: 10pt and 0pt
Marginparsep and marginparwidth: 2.84526pt and 2.84526pt
Sidecapsep and sidecapwidth: 11.09485pt and 47pt
Sidebarhsep and sidebarwidth: 11.09485pt and 47pt
Sidebarvsep and sidebartopsep: 22pt and 0pt
Sidebarheight: 543.39993pt
Sidefoothsep and sidefootwidth: 11.09485pt and 47pt
Sidefootvsep and sidefootheight: 22pt and 543.39993pt
******************************************************


(/bigdata/operations/pkgadmin/opt/linux/centos/7.x/x86_64/pkgs/texlive/2017/tex
mf-dist/tex/latex/psnfss/charter.sty)
(/bigdata/operations/pkgadmin/opt/linux/centos/7.x/x86_64/pkgs/texlive/2017/tex
mf-dist/tex/latex/graphics/graphicx.sty
(/bigdata/operations/pkgadmin/opt/linux/centos/7.x/x86_64/pkgs/texlive/2017/tex
mf-dist/tex/latex/graphics/keyval.sty)
(/bigdata/operations/pkgadmin/opt/linux/centos/7.x/x86_64/pkgs/texlive/2017/tex
mf-dist/tex/latex/graphics/graphics.sty
(/bigdata/operations/pkgadmin/opt/linux/centos/7.x/x86_64/pkgs/texlive/2017/tex
mf-dist/tex/latex/graphics/trig.sty)
(/bigdata/operations/pkgadmin/opt/linux/centos/7.x/x86_64/pkgs/texlive/2017/tex
mf-dist/tex/latex/graphics-cfg/graphics.cfg)
(/bigdata/operations/pkgadmin/opt/linux/centos/7.x/x86_64/pkgs/texlive/2017/tex
mf-dist/tex/latex/graphics-def/pdftex.def)))
(/bigdata/operations/pkgadmin/opt/linux/centos/7.x/x86_64/pkgs/texlive/2017/tex
mf-dist/tex/latex/multirow/multirow.sty)
(/rhome/jstajich/texmf/tex/latex/xcolor/xcolor/xcolor.sty
(/bigdata/operations/pkgadmin/opt/linux/centos/7.x/x86_64/pkgs/texlive/2017/tex
mf-dist/tex/latex/graphics-cfg/color.cfg)
(/bigdata/operations/pkgadmin/opt/linux/centos/7.x/x86_64/pkgs/texlive/2017/tex
mf-dist/tex/latex/colortbl/colortbl.sty))
! Missing \endcsname inserted.
<to be read again> 
                   \relax 
l.41 \definecolor
                 {hcol1}{rgb}{1,0.6,0}
! Extra \endcsname.
\@namelet ...fter \endcsname \csname #2\endcsname 
                                                  
l.41 \definecolor
                 {hcol1}{rgb}{1,0.6,0}
! Missing \endcsname inserted.
<to be read again> 
                   \relax 
l.41 \definecolor
                 {hcol1}{rgb}{1,0.6,0}
! Extra \endcsname.
\@namelet ...fter \endcsname \csname #2\endcsname 
                                                  
l.41 \definecolor
                 {hcol1}{rgb}{1,0.6,0}
No file summary.aux.

(/bigdata/operations/pkgadmin/opt/linux/centos/7.x/x86_64/pkgs/texlive/2017/tex
mf-dist/tex/latex/psnfss/ot1bch.fd)
! Missing endcsname inserted.
<to be read again> 
                   relax 
l.58 \begin{document}
                     
! Extra endcsname.
@namelet ...andafter endcsname csname #2endcsname 
                                                  
l.58 \begin{document}
                     
! Missing endcsname inserted.
<to be read again> 
                   relax 
l.58 \begin{document}
                     
! Extra endcsname.
@namelet ...andafter endcsname csname #2endcsname 
                                                  
l.58 \begin{document}
                     

(/bigdata/operations/pkgadmin/opt/linux/centos/7.x/x86_64/pkgs/texlive/2017/tex
mf-dist/tex/context/base/mkii/supp-pdf.mkii
[Loading MPS to PDF converter (version 2006.09.02).]
)
! Missing \endcsname inserted.
<to be read again> 
                   \relax 
l.58 \begin{document}
                     
! Extra \endcsname.
\@namelet ...fter \endcsname \csname #2\endcsname 
                                                  
l.58 \begin{document}
                     
! Missing \endcsname inserted.
<to be read again> 
                   \relax 
l.58 \begin{document}
                     
! Extra \endcsname.
\@namelet ...fter \endcsname \csname #2\endcsname 
                                                  
l.58 \begin{document}
                     

(/bigdata/operations/pkgadmin/opt/linux/centos/7.x/x86_64/pkgs/texlive/2017/tex
mf-dist/tex/latex/oberdiek/epstopdf-base.sty
(/bigdata/operations/pkgadmin/opt/linux/centos/7.x/x86_64/pkgs/texlive/2017/tex
mf-dist/tex/generic/oberdiek/infwarerr.sty)
! Missing \endcsname inserted.
<to be read again> 
                   \relax 
l.147 \RequirePackage{infwarerr}[2007/09/09]
                                            
! Extra \endcsname.
\@namelet ...fter \endcsname \csname #2\endcsname 
                                                  
l.147 \RequirePackage{infwarerr}[2007/09/09]
                                            
! Missing \endcsname inserted.
<to be read again> 
                   \relax 
l.147 \RequirePackage{infwarerr}[2007/09/09]
                                            
! Extra \endcsname.
\@namelet ...fter \endcsname \csname #2\endcsname 
                                                  
l.147 \RequirePackage{infwarerr}[2007/09/09]
                                            

(/bigdata/operations/pkgadmin/opt/linux/centos/7.x/x86_64/pkgs/texlive/2017/tex
mf-dist/tex/latex/oberdiek/grfext.sty
(/bigdata/operations/pkgadmin/opt/linux/centos/7.x/x86_64/pkgs/texlive/2017/tex
mf-dist/tex/generic/oberdiek/kvdefinekeys.sty
(/bigdata/operations/pkgadmin/opt/linux/centos/7.x/x86_64/pkgs/texlive/2017/tex
mf-dist/tex/generic/oberdiek/ltxcmds.sty)
! Missing \endcsname inserted.
<to be read again> 
                   \relax 
l.154   \RequirePackage{ltxcmds}[2010/03/01]
                                            %
! Extra \endcsname.
\@namelet ...fter \endcsname \csname #2\endcsname 
                                                  
l.154   \RequirePackage{ltxcmds}[2010/03/01]
                                            %
! Missing \endcsname inserted.
<to be read again> 
                   \relax 
l.154   \RequirePackage{ltxcmds}[2010/03/01]
                                            %
! Extra \endcsname.
\@namelet ...fter \endcsname \csname #2\endcsname 
                                                  
l.154   \RequirePackage{ltxcmds}[2010/03/01]
                                            %
)
! Missing \endcsname inserted.
<to be read again> 
                   \relax 
l.252 \RequirePackage{kvdefinekeys}[2010/03/01]
                                               
! Extra \endcsname.
\@namelet ...fter \endcsname \csname #2\endcsname 
                                                  
l.252 \RequirePackage{kvdefinekeys}[2010/03/01]
                                               
! Missing \endcsname inserted.
<to be read again> 
                   \relax 
l.252 \RequirePackage{kvdefinekeys}[2010/03/01]
                                               
! Extra \endcsname.
\@namelet ...fter \endcsname \csname #2\endcsname 
                                                  
l.252 \RequirePackage{kvdefinekeys}[2010/03/01]
                                               
)
! Missing \endcsname inserted.
<to be read again> 
                   \relax 
l.148 \RequirePackage{grfext}\relax
                                   
! Extra \endcsname.
\@namelet ...fter \endcsname \csname #2\endcsname 
                                                  
l.148 \RequirePackage{grfext}\relax
                                   
! Missing \endcsname inserted.
<to be read again> 
                   \relax 
l.148 \RequirePackage{grfext}\relax
                                   
! Extra \endcsname.
\@namelet ...fter \endcsname \csname #2\endcsname 
                                                  
l.148 \RequirePackage{grfext}\relax
                                   

(/bigdata/operations/pkgadmin/opt/linux/centos/7.x/x86_64/pkgs/texlive/2017/tex
mf-dist/tex/latex/oberdiek/kvoptions.sty
(/bigdata/operations/pkgadmin/opt/linux/centos/7.x/x86_64/pkgs/texlive/2017/tex
mf-dist/tex/generic/oberdiek/kvsetkeys.sty
(/bigdata/operations/pkgadmin/opt/linux/centos/7.x/x86_64/pkgs/texlive/2017/tex
mf-dist/tex/generic/oberdiek/etexcmds.sty)
! Missing \endcsname inserted.
<to be read again> 
                   \relax 
l.166   \RequirePackage{etexcmds}[2010/01/28]
                                             %
! Extra \endcsname.
\@namelet ...fter \endcsname \csname #2\endcsname 
                                                  
l.166   \RequirePackage{etexcmds}[2010/01/28]
                                             %
! Missing \endcsname inserted.
<to be read again> 
                   \relax 
l.166   \RequirePackage{etexcmds}[2010/01/28]
                                             %
! Extra \endcsname.
\@namelet ...fter \endcsname \csname #2\endcsname 
                                                  
l.166   \RequirePackage{etexcmds}[2010/01/28]
                                             %
)
! Missing \endcsname inserted.
<to be read again> 
                   \relax 
l.163 \RequirePackage{kvsetkeys}[2007/09/29]
                                            
! Extra \endcsname.
\@namelet ...fter \endcsname \csname #2\endcsname 
                                                  
l.163 \RequirePackage{kvsetkeys}[2007/09/29]
                                            
! Missing \endcsname inserted.
<to be read again> 
                   \relax 
l.163 \RequirePackage{kvsetkeys}[2007/09/29]
                                            
! Extra \endcsname.
\@namelet ...fter \endcsname \csname #2\endcsname 
                                                  
l.163 \RequirePackage{kvsetkeys}[2007/09/29]
                                            
)
! Missing \endcsname inserted.
<to be read again> 
                   \relax 
l.149 \RequirePackage{kvoptions}[2007/10/02]
                                            
! Extra \endcsname.
\@namelet ...fter \endcsname \csname #2\endcsname 
                                                  
l.149 \RequirePackage{kvoptions}[2007/10/02]
                                            
! Missing \endcsname inserted.
<to be read again> 
                   \relax 
l.149 \RequirePackage{kvoptions}[2007/10/02]
                                            
! Extra \endcsname.
\@namelet ...fter \endcsname \csname #2\endcsname 
                                                  
l.149 \RequirePackage{kvoptions}[2007/10/02]
                                            

(/bigdata/operations/pkgadmin/opt/linux/centos/7.x/x86_64/pkgs/texlive/2017/tex
mf-dist/tex/generic/oberdiek/pdftexcmds.sty)
! Missing \endcsname inserted.
<to be read again> 
                   \relax 
l.150 \RequirePackage{pdftexcmds}[2007/11/11]
                                             
! Extra \endcsname.
\@namelet ...fter \endcsname \csname #2\endcsname 
                                                  
l.150 \RequirePackage{pdftexcmds}[2007/11/11]
                                             
! Missing \endcsname inserted.
<to be read again> 
                   \relax 
l.150 \RequirePackage{pdftexcmds}[2007/11/11]
                                             
! Extra \endcsname.
\@namelet ...fter \endcsname \csname #2\endcsname 
                                                  
l.150 \RequirePackage{pdftexcmds}[2007/11/11]
                                             

(/bigdata/operations/pkgadmin/opt/linux/centos/7.x/x86_64/pkgs/texlive/2017/tex
mf-dist/tex/latex/latexconfig/epstopdf-sys.cfg)
! Missing \endcsname inserted.
<to be read again> 
                   \relax 
l.465 \InputIfFileExists{epstopdf-sys.cfg}{}{}
                                              
! Extra \endcsname.
\@namelet ...fter \endcsname \csname #2\endcsname 
                                                  
l.465 \InputIfFileExists{epstopdf-sys.cfg}{}{}
                                              
! Missing \endcsname inserted.
<to be read again> 
                   \relax 
l.465 \InputIfFileExists{epstopdf-sys.cfg}{}{}
                                              
! Extra \endcsname.
\@namelet ...fter \endcsname \csname #2\endcsname 
                                                  
l.465 \InputIfFileExists{epstopdf-sys.cfg}{}{}
                                              
)
! Missing \endcsname inserted.
<to be read again> 
                   \relax 
l.58 \begin{document}
                     
! Extra \endcsname.
\@namelet ...fter \endcsname \csname #2\endcsname 
                                                  
l.58 \begin{document}
                     
! Missing \endcsname inserted.
<to be read again> 
                   \relax 
l.58 \begin{document}
                     
! Extra \endcsname.
\@namelet ...fter \endcsname \csname #2\endcsname 
                                                  
l.58 \begin{document}
                     

Class memoir Warning: The material used in the headers is too large
(22.0pt) for the given head height (2.84526pt), it is recommended to
either increase the head height or redesign the header
(in both cases you will find help in the memoir manual). on input line 102.


Overfull \vbox (19.15474pt too high) has occurred while \output is active
[1{/bigdata/operations/pkgadmin/opt/linux/centos/7.x/x86_64/pkgs/texlive/2017/t
exmf-var/fonts/map/pdftex/updmap/pdftex.map}]
Overfull \vbox (19.15474pt too high) has occurred while \output is active
[2 <./tstv_by_sample.0.pdf>]
Overfull \vbox (19.15474pt too high) has occurred while \output is active
[3 <./hets_by_sample.0.pdf>]
Overfull \vbox (19.15474pt too high) has occurred while \output is active
[4 <./singletons_by_sample.0.pdf>]
Overfull \vbox (19.15474pt too high) has occurred while \output is active
[5 <./dp_by_sample.0.pdf>]
Overfull \vbox (19.15474pt too high) has occurred while \output is active
[6 <./snps_by_sample.0.pdf>]
Overfull \vbox (19.15474pt too high) has occurred while \output is active
[7 <./indels_by_sample.0.pdf>]
Overfull \vbox (19.15474pt too high) has occurred while \output is active
[8 <./tstv_by_qual.0.pdf>]
Overfull \vbox (19.15474pt too high) has occurred while \output is active
[9 <./indels.0.pdf>]
Overfull \vbox (19.15474pt too high) has occurred while \output is active
[10 <./depth.0.pdf>]
Overfull \vbox (19.15474pt too high) has occurred while \output is active
[11 <./substitutions.0.pdf>]

Class memoir Warning: The material used in the headers is too large
(22.0pt) for the given head height (2.84526pt), it is recommended to
either increase the head height or redesign the header
(in both cases you will find help in the memoir manual). on input line 146.

(./summary.aux) )
(see the transcript file for additional information){/bigdata/operations/pkgadm
in/opt/linux/centos/7.x/x86_64/pkgs/texlive/2017/texmf-dist/fonts/enc/dvips/bas
e/8r.enc}</bigdata/operations/pkgadmin/opt/linux/centos/7.x/x86_64/pkgs/texlive
/2017/texmf-dist/fonts/type1/bitstrea/charter/bchr8a.pfb></bigdata/operations/p
kgadmin/opt/linux/centos/7.x/x86_64/pkgs/texlive/2017/texmf-dist/fonts/type1/pu
blic/amsfonts/cm/cmsy10.pfb></bigdata/operations/pkgadmin/opt/linux/centos/7.x/
x86_64/pkgs/texlive/2017/texmf-dist/fonts/type1/public/amsfonts/cm/cmtt12.pfb>
Output written on summary.pdf (11 pages, 123850 bytes).
Transcript written on summary.log.
