This is pdfTeX, Version 3.14159265-2.6-1.40.18 (TeX Live 2017) (preloaded format=pdflatex 2017.10.6)  21 SEP 2019 09:02
entering extended mode
 restricted \write18 enabled.
 %&-line parsing enabled.
**summary.tex
(./summary.tex
LaTeX2e <2017-04-15>
Babel <3.14> and hyphenation patterns for 84 language(s) loaded.


(/bigdata/operations/pkgadmin/opt/linux/centos/7.x/x86_64/pkgs/texlive/2017/tex
mf-dist/tex/latex/memoir/memoir.cls
Document Class: memoir 2016/05/16 v3.7f configurable book, report, article docu
ment class
\onelineskip=\skip41
\lxvchars=\skip42
\xlvchars=\skip43
\@memcnta=\count79
\c@@memmarkcntra=\count80

(/bigdata/operations/pkgadmin/opt/linux/centos/7.x/x86_64/pkgs/texlive/2017/tex
mf-dist/tex/generic/oberdiek/ifpdf.sty
Package: ifpdf 2017/03/15 v3.2 Provides the ifpdf switch
)
(/bigdata/operations/pkgadmin/opt/linux/centos/7.x/x86_64/pkgs/texlive/2017/tex
mf-dist/tex/latex/ifetex/ifetex.sty
Package: ifetex 2011/12/15 v1.2 ifetex

(/bigdata/operations/pkgadmin/opt/linux/centos/7.x/x86_64/pkgs/texlive/2017/tex
mf-dist/tex/plain/ifetex/ifetex.tex))
(/bigdata/operations/pkgadmin/opt/linux/centos/7.x/x86_64/pkgs/texlive/2017/tex
mf-dist/tex/generic/ifxetex/ifxetex.sty
Package: ifxetex 2010/09/12 v0.6 Provides ifxetex conditional
)
(/bigdata/operations/pkgadmin/opt/linux/centos/7.x/x86_64/pkgs/texlive/2017/tex
mf-dist/tex/generic/oberdiek/ifluatex.sty
Package: ifluatex 2016/05/16 v1.4 Provides the ifluatex switch (HO)
Package ifluatex Info: LuaTeX not detected.
)
\stockheight=\skip44
\stockwidth=\skip45
\trimtop=\skip46
\trimedge=\skip47

(/bigdata/operations/pkgadmin/opt/linux/centos/7.x/x86_64/pkgs/texlive/2017/tex
mf-dist/tex/latex/memoir/mem17.clo
File: mem17.clo 2008/01/30 v0.3 memoir class 17pt size option
)
\binding=\skip48
\spinemargin=\skip49
\foremargin=\skip50
\uppermargin=\skip51
\lowermargin=\skip52
\headdrop=\skip53
\normalrulethickness=\skip54
\mem@maxheadheight=\skip55
\mem@maxfootheight=\skip56
\headwidth=\skip57
\c@storedpagenumber=\count81
\memPD=\dimen102
\m@mabparskip=\skip58
\thanksmarkwidth=\skip59
\thanksmarksep=\skip60
\droptitle=\skip61
\c@book=\count82
\c@part=\count83
\c@chapter=\count84
\c@section=\count85
\c@subsection=\count86
\c@subsubsection=\count87
\c@paragraph=\count88
\c@subparagraph=\count89
\beforechapskip=\skip62
\midchapskip=\skip63
\afterchapskip=\skip64
\chapindent=\skip65
\bottomsectionskip=\skip66
\secindent=\skip67
\beforesecskip=\skip68
\aftersecskip=\skip69
\subsecindent=\skip70
\beforesubsecskip=\skip71
\aftersubsecskip=\skip72
\subsubsecindent=\skip73
\beforesubsubsecskip=\skip74
\aftersubsubsecskip=\skip75
\paraindent=\skip76
\beforeparaskip=\skip77
\afterparaskip=\skip78
\subparaindent=\skip79
\beforesubparaskip=\skip80
\aftersubparaskip=\skip81
\pfbreakskip=\skip82
\c@@ppsavesec=\count90
\c@@ppsaveapp=\count91
\ragrparindent=\dimen103
\everylistparindent=\dimen104
\parsepi=\skip83
\topsepi=\skip84
\itemsepi=\skip85
\parsepii=\skip86
\topsepii=\skip87
\topsepiii=\skip88
\itemsepii=\skip89
\itemsepiii=\skip90
\partopsepii=\skip91
\partopsepiii=\skip92
\m@msavetopsep=\skip93
\m@msavepartopsep=\skip94
\@enLab=\toks14
\abstitleskip=\skip95
\absleftindent=\skip96
\abs@leftindent=\dimen105
\absrightindent=\skip97
\absparindent=\skip98
\absparsep=\skip99
\c@vslineno=\count92
\c@poemline=\count93
\c@modulo@vs=\count94
\c@memfvsline=\count95
\vleftskip=\skip100
\vrightskip=\skip101
\stanzaskip=\skip102
\versewidth=\skip103
\vgap=\skip104
\vindent=\skip105
\vleftmargin=\dimen106
\c@verse=\count96
\c@chrsinstr=\count97
\beforepoemtitleskip=\skip106
\afterpoemtitleskip=\skip107
\c@poem=\count98
\beforePoemTitleskip=\skip108
\midPoemTitleskip=\skip109
\afterPoemTitleskip=\skip110
\col@sep=\dimen107
\extrarowheight=\dimen108
\NC@list=\toks15
\extratabsurround=\skip111
\backup@length=\skip112
\TX@col@width=\dimen109
\TX@old@table=\dimen110
\TX@old@col=\dimen111
\TX@target=\dimen112
\TX@delta=\dimen113
\TX@cols=\count99
\TX@ftn=\toks16
\heavyrulewidth=\dimen114
\lightrulewidth=\dimen115
\cmidrulewidth=\dimen116
\belowrulesep=\dimen117
\belowbottomsep=\dimen118
\aboverulesep=\dimen119
\abovetopsep=\dimen120
\cmidrulesep=\dimen121
\cmidrulekern=\dimen122
\defaultaddspace=\dimen123
\@cmidla=\count100
\@cmidlb=\count101
\@aboverulesep=\dimen124
\@belowrulesep=\dimen125
\@thisruleclass=\count102
\@lastruleclass=\count103
\@thisrulewidth=\dimen126
\ctableftskip=\skip113
\ctabrightskip=\skip114
\abovecolumnspenalty=\count104
\@linestogo=\count105
\@cellstogo=\count106
\@cellsincolumn=\count107
\crtok=\toks17
\@mincolumnwidth=\dimen127
\c@newflo@tctr=\count108
\mem@margin@floatbox=\box26
\@contcwidth=\skip115
\@contindw=\skip116
\abovecaptionskip=\skip117
\belowcaptionskip=\skip118
\subfloattopskip=\skip119
\subfloatcapskip=\skip120
\subfloatcaptopadj=\skip121
\subfloatbottomskip=\skip122
\subfloatlabelskip=\skip123
\subfloatcapmargin=\dimen128
\c@@contsubnum=\count109
\m@mscap@capbox=\box27
\m@mscap@fbox=\box28
\sidecapsep=\dimen129
\sidecapwidth=\dimen130
\m@m@tempdima=\dimen131
\m@mscapraise=\dimen132
\sidecapraise=\dimen133
\m@mscapmainwidth=\dimen134
\m@mscaplkern=\dimen135
\beforeepigraphskip=\skip124
\afterepigraphskip=\skip125
\epigraphwidth=\skip126
\epigraphrule=\skip127
LaTeX Info: Redefining \em on input line 7551.
LaTeX Info: Redefining \emph on input line 7559.
\tocentryskip=\skip128
\tocbaseline=\skip129
\cftparskip=\skip130
\cftbeforebookskip=\skip131
\cftbookindent=\dimen136
\cftbooknumwidth=\dimen137
\cftbeforepartskip=\skip132
\cftpartindent=\skip133
\cftpartnumwidth=\skip134
\cftbeforechapterskip=\skip135
\cftchapterindent=\skip136
\cftchapternumwidth=\skip137
\cftbeforesectionskip=\skip138
\cftsectionindent=\skip139
\cftsectionnumwidth=\skip140
\cftbeforesubsectionskip=\skip141
\cftsubsectionindent=\skip142
\cftsubsectionnumwidth=\skip143
\cftbeforesubsubsectionskip=\skip144
\cftsubsubsectionindent=\skip145
\cftsubsubsectionnumwidth=\skip146
\cftbeforeparagraphskip=\skip147
\cftparagraphindent=\skip148
\cftparagraphnumwidth=\skip149
\cftbeforesubparagraphskip=\skip150
\cftsubparagraphindent=\skip151
\cftsubparagraphnumwidth=\skip152
\prechapterprecisshift=\dimen138
\c@maxsecnumdepth=\count110
\bibindent=\dimen139
\bibitemsep=\skip153
\indexcolsep=\skip154
\indexrule=\skip155
\indexmarkstyle=\toks18
\@indexbox=\insert199
\glossarycolsep=\dimen140
\glossaryrule=\dimen141
\sideparvshift=\skip156
\sideins=\insert198
\sidebartopsep=\skip157
\sidebarhsep=\skip158
\sidebarvsep=\skip159
\sidebarwidth=\skip160
\footmarkwidth=\skip161
\footmarksep=\skip162
\footparindent=\skip163
\footinsdim=\skip164
\footinsv@r=\insert197
\@mpfootinsv@r=\insert196
\m@m@k=\count111
\m@m@h=\dimen142
\m@mipn@skip=\skip165
\sidefootins=\insert195
\sidefootadjust=\skip166
\sidefootheight=\skip167
\sidefoothsep=\skip168
\sidefootvsep=\skip169
\sidefootwidth=\skip170
\m@mdownsf=\skip171
\c@sidefootnote=\count112
\sidefootmarkwidth=\skip172
\sidefootmarksep=\skip173
\sidefootparindent=\skip174
\c@pagenote=\count113
\c@pagenoteshadow=\count114
\mem@pn@lastkern=\skip175
\every@verbatim=\toks19
\afterevery@verbatim=\toks20
\verbatim@line=\toks21
\tab@position=\count115
\verbatim@in@stream=\read1
\verbatimindent=\skip176
\verbatim@out=\write3
\bvboxsep=\skip177
\c@memfbvline=\count116
\c@bvlinectr=\count117
\bvnumlength=\skip178
\fb@frw=\dimen143
\fb@frh=\dimen144
\FrameRule=\dimen145
\FrameSep=\dimen146
\c@cp@cntr=\count118
LaTeX Info: Redefining \: on input line 12068.
LaTeX Info: Redefining \! on input line 12070.
\c@ism@mctr=\count119
\c@xsm@mctr=\count120
\c@csm@mctr=\count121
\c@ksm@mctr=\count122
\c@xksm@mctr=\count123
\c@cksm@mctr=\count124
\c@msm@mctr=\count125
\c@xmsm@mctr=\count126
\c@cmsm@mctr=\count127
\c@bsm@mctr=\count128
\c@workm@mctr=\count129
\c@sheetsequence=\count130
\c@lastsheet=\count131
\c@lastpage=\count132
\c@figure=\count133
\c@lofdepth=\count134
\cftbeforefigureskip=\skip179
\cftfigureindent=\skip180
\cftfigurenumwidth=\skip181
\c@table=\count135
\c@lotdepth=\count136
\cftbeforetableskip=\skip182
\cfttableindent=\skip183
\cfttablenumwidth=\skip184
Package abstract [2008/07/23] emulated by memoir.
Package appendix [2008/07/23] emulated by memoir.
Package array [2008/09/09] emulated by memoir.
Package booktabs [2016/05/16] emulated by memoir.
Package ccaption [2008/07/23] emulated by memoir.
Package changepage [2008/07/23] emulated by memoir.
Package chngcntr [2008/07/23] emulated by memoir.
Package chngpage [2008/07/23] emulated by memoir.
Package crop emulated by memoir.
Package dcolumn [2008/07/23] emulated by memoir.
Package delarray [2008/07/23] emulated by memoir.
Package enumerate [2008/07/23] emulated by memoir.
Package epigraph [2008/07/23] emulated by memoir.
Package ifmtarg [2008/07/23] emulated by memoir.
Package index [2008/07/23] emulated by memoir.
Package makeidx [2008/07/23] emulated by memoir.
Package moreverb [2008/07/23] emulated by memoir.
Package mparhack [2008/07/23] emulated by memoir.
Package needspace [2008/07/23] emulated by memoir.
Package newfile [2008/07/23] emulated by memoir.
Package nextpage [2008/07/23] emulated by memoir.
Package pagenote [2008/07/23] emulated by memoir.
Package parskip [2008/07/23] emulated by memoir.
Package patchcmd [2008/07/23] emulated by memoir.
Package setspace [2008/07/23] emulated by memoir.
Package shortvrb [2008/07/23] emulated by memoir.
Package showidx [2008/07/23] emulated by memoir.
Package tabularx [2008/07/23] emulated by memoir.
Package titleref [2008/07/23] emulated by memoir.
Package titling [2008/07/23] emulated by memoir.
Package tocbibind [2008/07/23] emulated by memoir.
Package tocloft [2008/07/23] emulated by memoir.
Package tocvsec2 [2008/07/23] emulated by memoir.
Package verbatim [2008/07/23] emulated by memoir.
Package verse [2008/07/23] emulated by memoir.

(/bigdata/operations/pkgadmin/opt/linux/centos/7.x/x86_64/pkgs/texlive/2017/tex
mf-dist/tex/latex/memoir/mempatch.sty
Package: mempatch 2009/07/24 v6.0f Patches for memoir class v1.6180339
))

******************************************************
Stock height and width: 540.60236pt by 722.69981pt
Top and edge trims: 0pt and 0pt
Page height and width: 540.60236pt by 722.69981pt
Text height and width: 455.24411pt by 665pt
Spine and edge margins: 28.45274pt and 28.45274pt
Upper and lower margins: 42.67912pt and 42.67912pt
Headheight and headsep: 2.84526pt and 2.84526pt
Footskip: 28.45274pt
Columnsep and columnseprule: 10pt and 0pt
Marginparsep and marginparwidth: 2.84526pt and 2.84526pt
Sidecapsep and sidecapwidth: 11.09485pt and 47pt
Sidebarhsep and sidebarwidth: 11.09485pt and 47pt
Sidebarvsep and sidebartopsep: 22pt and 0pt
Sidebarheight: 543.39993pt
Sidefoothsep and sidefootwidth: 11.09485pt and 47pt
Sidefootvsep and sidefootheight: 22pt and 543.39993pt
******************************************************


(/bigdata/operations/pkgadmin/opt/linux/centos/7.x/x86_64/pkgs/texlive/2017/tex
mf-dist/tex/latex/psnfss/charter.sty
Package: charter 2005/04/12 PSNFSS-v9.2a (P.Dyballa) 
)
(/bigdata/operations/pkgadmin/opt/linux/centos/7.x/x86_64/pkgs/texlive/2017/tex
mf-dist/tex/latex/graphics/graphicx.sty
Package: graphicx 2017/06/01 v1.1a Enhanced LaTeX Graphics (DPC,SPQR)

(/bigdata/operations/pkgadmin/opt/linux/centos/7.x/x86_64/pkgs/texlive/2017/tex
mf-dist/tex/latex/graphics/keyval.sty
Package: keyval 2014/10/28 v1.15 key=value parser (DPC)
\KV@toks@=\toks22
)
(/bigdata/operations/pkgadmin/opt/linux/centos/7.x/x86_64/pkgs/texlive/2017/tex
mf-dist/tex/latex/graphics/graphics.sty
Package: graphics 2017/06/25 v1.2c Standard LaTeX Graphics (DPC,SPQR)

(/bigdata/operations/pkgadmin/opt/linux/centos/7.x/x86_64/pkgs/texlive/2017/tex
mf-dist/tex/latex/graphics/trig.sty
Package: trig 2016/01/03 v1.10 sin cos tan (DPC)
)
(/bigdata/operations/pkgadmin/opt/linux/centos/7.x/x86_64/pkgs/texlive/2017/tex
mf-dist/tex/latex/graphics-cfg/graphics.cfg
File: graphics.cfg 2016/06/04 v1.11 sample graphics configuration
)
Package graphics Info: Driver file: pdftex.def on input line 99.

(/bigdata/operations/pkgadmin/opt/linux/centos/7.x/x86_64/pkgs/texlive/2017/tex
mf-dist/tex/latex/graphics-def/pdftex.def
File: pdftex.def 2017/06/24 v1.0g Graphics/color driver for pdftex
))
\Gin@req@height=\dimen147
\Gin@req@width=\dimen148
)
(/bigdata/operations/pkgadmin/opt/linux/centos/7.x/x86_64/pkgs/texlive/2017/tex
mf-dist/tex/latex/multirow/multirow.sty
Package: multirow 2016/11/25 v2.2 Span multiple rows of a table
\multirow@colwidth=\skip185
\multirow@cntb=\count137
\multirow@dima=\skip186
\bigstrutjot=\dimen149
)
(/rhome/jstajich/texmf/tex/latex/xcolor/xcolor/xcolor.sty
Package: xcolor 2004/07/04 v2.00 LaTeX color extensions (UK)

(/bigdata/operations/pkgadmin/opt/linux/centos/7.x/x86_64/pkgs/texlive/2017/tex
mf-dist/tex/latex/graphics-cfg/color.cfg
File: color.cfg 2016/01/02 v1.6 sample color configuration
)
Package xcolor Info: Driver file: pdftex.def on input line 136.

(/bigdata/operations/pkgadmin/opt/linux/centos/7.x/x86_64/pkgs/texlive/2017/tex
mf-dist/tex/latex/colortbl/colortbl.sty
Package: colortbl 2012/02/13 v1.0a Color table columns (DPC)
\everycr=\toks23
\minrowclearance=\skip187
)
Package xcolor Info: Color model `cmy' added on input line 972.
Package xcolor Info: Color model `hsb' added on input line 980.
Package xcolor Info: Color model `HTML' added on input line 1000.
Package xcolor Info: Color model `HSB' added on input line 1006.
Package xcolor Info: Color model `Gray' added on input line 1012.
)
! Missing \endcsname inserted.
<to be read again> 
                   \relax 
l.41 \definecolor
                 {hcol1}{rgb}{1,0.6,0}
The control sequence marked <to be read again> should
not appear between \csname and \endcsname.

! Extra \endcsname.
\@namelet ...fter \endcsname \csname #2\endcsname 
                                                  
l.41 \definecolor
                 {hcol1}{rgb}{1,0.6,0}
I'm ignoring this, since I wasn't doing a \csname.

! Missing \endcsname inserted.
<to be read again> 
                   \relax 
l.41 \definecolor
                 {hcol1}{rgb}{1,0.6,0}
The control sequence marked <to be read again> should
not appear between \csname and \endcsname.

! Extra \endcsname.
\@namelet ...fter \endcsname \csname #2\endcsname 
                                                  
l.41 \definecolor
                 {hcol1}{rgb}{1,0.6,0}
I'm ignoring this, since I wasn't doing a \csname.

No file summary.aux.
\openout1 = `summary.aux'.

LaTeX Font Info:    Checking defaults for OML/cmm/m/it on input line 58.
LaTeX Font Info:    ... okay on input line 58.
LaTeX Font Info:    Checking defaults for T1/cmr/m/n on input line 58.
LaTeX Font Info:    ... okay on input line 58.
LaTeX Font Info:    Checking defaults for OT1/cmr/m/n on input line 58.
LaTeX Font Info:    ... okay on input line 58.
LaTeX Font Info:    Checking defaults for OMS/cmsy/m/n on input line 58.
LaTeX Font Info:    ... okay on input line 58.
LaTeX Font Info:    Checking defaults for OMX/cmex/m/n on input line 58.
LaTeX Font Info:    ... okay on input line 58.
LaTeX Font Info:    Checking defaults for U/cmr/m/n on input line 58.
LaTeX Font Info:    ... okay on input line 58.
LaTeX Font Info:    Try loading font information for OT1+bch on input line 58.

(/bigdata/operations/pkgadmin/opt/linux/centos/7.x/x86_64/pkgs/texlive/2017/tex
mf-dist/tex/latex/psnfss/ot1bch.fd
File: ot1bch.fd 2004/10/18 font definitions for OT1/bch.
)
! Missing endcsname inserted.
<to be read again> 
                   relax 
l.58 \begin{document}
                     
The control sequence marked <to be read again> should
not appear between \csname and \endcsname.

! Extra endcsname.
@namelet ...andafter endcsname csname #2endcsname 
                                                  
l.58 \begin{document}
                     
I'm ignoring this, since I wasn't doing a \csname.

! Missing endcsname inserted.
<to be read again> 
                   relax 
l.58 \begin{document}
                     
The control sequence marked <to be read again> should
not appear between \csname and \endcsname.

! Extra endcsname.
@namelet ...andafter endcsname csname #2endcsname 
                                                  
l.58 \begin{document}
                     
I'm ignoring this, since I wasn't doing a \csname.


(/bigdata/operations/pkgadmin/opt/linux/centos/7.x/x86_64/pkgs/texlive/2017/tex
mf-dist/tex/context/base/mkii/supp-pdf.mkii
[Loading MPS to PDF converter (version 2006.09.02).]
\scratchcounter=\count138
\scratchdimen=\dimen150
\scratchbox=\box29
\nofMPsegments=\count139
\nofMParguments=\count140
\everyMPshowfont=\toks24
\MPscratchCnt=\count141
\MPscratchDim=\dimen151
\MPnumerator=\count142
\makeMPintoPDFobject=\count143
\everyMPtoPDFconversion=\toks25
)
! Missing \endcsname inserted.
<to be read again> 
                   \relax 
l.58 \begin{document}
                     
The control sequence marked <to be read again> should
not appear between \csname and \endcsname.

! Extra \endcsname.
\@namelet ...fter \endcsname \csname #2\endcsname 
                                                  
l.58 \begin{document}
                     
I'm ignoring this, since I wasn't doing a \csname.

! Missing \endcsname inserted.
<to be read again> 
                   \relax 
l.58 \begin{document}
                     
The control sequence marked <to be read again> should
not appear between \csname and \endcsname.

! Extra \endcsname.
\@namelet ...fter \endcsname \csname #2\endcsname 
                                                  
l.58 \begin{document}
                     
I'm ignoring this, since I wasn't doing a \csname.


(/bigdata/operations/pkgadmin/opt/linux/centos/7.x/x86_64/pkgs/texlive/2017/tex
mf-dist/tex/latex/oberdiek/epstopdf-base.sty
Package: epstopdf-base 2016/05/15 v2.6 Base part for package epstopdf

(/bigdata/operations/pkgadmin/opt/linux/centos/7.x/x86_64/pkgs/texlive/2017/tex
mf-dist/tex/generic/oberdiek/infwarerr.sty
Package: infwarerr 2016/05/16 v1.4 Providing info/warning/error messages (HO)
)
! Missing \endcsname inserted.
<to be read again> 
                   \relax 
l.147 \RequirePackage{infwarerr}[2007/09/09]
                                            
The control sequence marked <to be read again> should
not appear between \csname and \endcsname.

! Extra \endcsname.
\@namelet ...fter \endcsname \csname #2\endcsname 
                                                  
l.147 \RequirePackage{infwarerr}[2007/09/09]
                                            
I'm ignoring this, since I wasn't doing a \csname.

! Missing \endcsname inserted.
<to be read again> 
                   \relax 
l.147 \RequirePackage{infwarerr}[2007/09/09]
                                            
The control sequence marked <to be read again> should
not appear between \csname and \endcsname.

! Extra \endcsname.
\@namelet ...fter \endcsname \csname #2\endcsname 
                                                  
l.147 \RequirePackage{infwarerr}[2007/09/09]
                                            
I'm ignoring this, since I wasn't doing a \csname.


(/bigdata/operations/pkgadmin/opt/linux/centos/7.x/x86_64/pkgs/texlive/2017/tex
mf-dist/tex/latex/oberdiek/grfext.sty
Package: grfext 2016/05/16 v1.2 Manage graphics extensions (HO)

(/bigdata/operations/pkgadmin/opt/linux/centos/7.x/x86_64/pkgs/texlive/2017/tex
mf-dist/tex/generic/oberdiek/kvdefinekeys.sty
Package: kvdefinekeys 2016/05/16 v1.4 Define keys (HO)

(/bigdata/operations/pkgadmin/opt/linux/centos/7.x/x86_64/pkgs/texlive/2017/tex
mf-dist/tex/generic/oberdiek/ltxcmds.sty
Package: ltxcmds 2016/05/16 v1.23 LaTeX kernel commands for general use (HO)
)
! Missing \endcsname inserted.
<to be read again> 
                   \relax 
l.154   \RequirePackage{ltxcmds}[2010/03/01]
                                            %
The control sequence marked <to be read again> should
not appear between \csname and \endcsname.

! Extra \endcsname.
\@namelet ...fter \endcsname \csname #2\endcsname 
                                                  
l.154   \RequirePackage{ltxcmds}[2010/03/01]
                                            %
I'm ignoring this, since I wasn't doing a \csname.

! Missing \endcsname inserted.
<to be read again> 
                   \relax 
l.154   \RequirePackage{ltxcmds}[2010/03/01]
                                            %
The control sequence marked <to be read again> should
not appear between \csname and \endcsname.

! Extra \endcsname.
\@namelet ...fter \endcsname \csname #2\endcsname 
                                                  
l.154   \RequirePackage{ltxcmds}[2010/03/01]
                                            %
I'm ignoring this, since I wasn't doing a \csname.

)
! Missing \endcsname inserted.
<to be read again> 
                   \relax 
l.252 \RequirePackage{kvdefinekeys}[2010/03/01]
                                               
The control sequence marked <to be read again> should
not appear between \csname and \endcsname.

! Extra \endcsname.
\@namelet ...fter \endcsname \csname #2\endcsname 
                                                  
l.252 \RequirePackage{kvdefinekeys}[2010/03/01]
                                               
I'm ignoring this, since I wasn't doing a \csname.

! Missing \endcsname inserted.
<to be read again> 
                   \relax 
l.252 \RequirePackage{kvdefinekeys}[2010/03/01]
                                               
The control sequence marked <to be read again> should
not appear between \csname and \endcsname.

! Extra \endcsname.
\@namelet ...fter \endcsname \csname #2\endcsname 
                                                  
l.252 \RequirePackage{kvdefinekeys}[2010/03/01]
                                               
I'm ignoring this, since I wasn't doing a \csname.

)
! Missing \endcsname inserted.
<to be read again> 
                   \relax 
l.148 \RequirePackage{grfext}\relax
                                   
The control sequence marked <to be read again> should
not appear between \csname and \endcsname.

! Extra \endcsname.
\@namelet ...fter \endcsname \csname #2\endcsname 
                                                  
l.148 \RequirePackage{grfext}\relax
                                   
I'm ignoring this, since I wasn't doing a \csname.

! Missing \endcsname inserted.
<to be read again> 
                   \relax 
l.148 \RequirePackage{grfext}\relax
                                   
The control sequence marked <to be read again> should
not appear between \csname and \endcsname.

! Extra \endcsname.
\@namelet ...fter \endcsname \csname #2\endcsname 
                                                  
l.148 \RequirePackage{grfext}\relax
                                   
I'm ignoring this, since I wasn't doing a \csname.


(/bigdata/operations/pkgadmin/opt/linux/centos/7.x/x86_64/pkgs/texlive/2017/tex
mf-dist/tex/latex/oberdiek/kvoptions.sty
Package: kvoptions 2016/05/16 v3.12 Key value format for package options (HO)

(/bigdata/operations/pkgadmin/opt/linux/centos/7.x/x86_64/pkgs/texlive/2017/tex
mf-dist/tex/generic/oberdiek/kvsetkeys.sty
Package: kvsetkeys 2016/05/16 v1.17 Key value parser (HO)

(/bigdata/operations/pkgadmin/opt/linux/centos/7.x/x86_64/pkgs/texlive/2017/tex
mf-dist/tex/generic/oberdiek/etexcmds.sty
Package: etexcmds 2016/05/16 v1.6 Avoid name clashes with e-TeX commands (HO)
Package etexcmds Info: Could not find \expanded.
(etexcmds)             That can mean that you are not using pdfTeX 1.50 or
(etexcmds)             that some package has redefined \expanded.
(etexcmds)             In the latter case, load this package earlier.
)
! Missing \endcsname inserted.
<to be read again> 
                   \relax 
l.166   \RequirePackage{etexcmds}[2010/01/28]
                                             %
The control sequence marked <to be read again> should
not appear between \csname and \endcsname.

! Extra \endcsname.
\@namelet ...fter \endcsname \csname #2\endcsname 
                                                  
l.166   \RequirePackage{etexcmds}[2010/01/28]
                                             %
I'm ignoring this, since I wasn't doing a \csname.

! Missing \endcsname inserted.
<to be read again> 
                   \relax 
l.166   \RequirePackage{etexcmds}[2010/01/28]
                                             %
The control sequence marked <to be read again> should
not appear between \csname and \endcsname.

! Extra \endcsname.
\@namelet ...fter \endcsname \csname #2\endcsname 
                                                  
l.166   \RequirePackage{etexcmds}[2010/01/28]
                                             %
I'm ignoring this, since I wasn't doing a \csname.

)
! Missing \endcsname inserted.
<to be read again> 
                   \relax 
l.163 \RequirePackage{kvsetkeys}[2007/09/29]
                                            
The control sequence marked <to be read again> should
not appear between \csname and \endcsname.

! Extra \endcsname.
\@namelet ...fter \endcsname \csname #2\endcsname 
                                                  
l.163 \RequirePackage{kvsetkeys}[2007/09/29]
                                            
I'm ignoring this, since I wasn't doing a \csname.

! Missing \endcsname inserted.
<to be read again> 
                   \relax 
l.163 \RequirePackage{kvsetkeys}[2007/09/29]
                                            
The control sequence marked <to be read again> should
not appear between \csname and \endcsname.

! Extra \endcsname.
\@namelet ...fter \endcsname \csname #2\endcsname 
                                                  
l.163 \RequirePackage{kvsetkeys}[2007/09/29]
                                            
I'm ignoring this, since I wasn't doing a \csname.

)
! Missing \endcsname inserted.
<to be read again> 
                   \relax 
l.149 \RequirePackage{kvoptions}[2007/10/02]
                                            
The control sequence marked <to be read again> should
not appear between \csname and \endcsname.

! Extra \endcsname.
\@namelet ...fter \endcsname \csname #2\endcsname 
                                                  
l.149 \RequirePackage{kvoptions}[2007/10/02]
                                            
I'm ignoring this, since I wasn't doing a \csname.

! Missing \endcsname inserted.
<to be read again> 
                   \relax 
l.149 \RequirePackage{kvoptions}[2007/10/02]
                                            
The control sequence marked <to be read again> should
not appear between \csname and \endcsname.

! Extra \endcsname.
\@namelet ...fter \endcsname \csname #2\endcsname 
                                                  
l.149 \RequirePackage{kvoptions}[2007/10/02]
                                            
I'm ignoring this, since I wasn't doing a \csname.


(/bigdata/operations/pkgadmin/opt/linux/centos/7.x/x86_64/pkgs/texlive/2017/tex
mf-dist/tex/generic/oberdiek/pdftexcmds.sty
Package: pdftexcmds 2017/03/19 v0.25 Utility functions of pdfTeX for LuaTeX (HO
)
Package pdftexcmds Info: LuaTeX not detected.
Package pdftexcmds Info: \pdf@primitive is available.
Package pdftexcmds Info: \pdf@ifprimitive is available.
Package pdftexcmds Info: \pdfdraftmode found.
)
! Missing \endcsname inserted.
<to be read again> 
                   \relax 
l.150 \RequirePackage{pdftexcmds}[2007/11/11]
                                             
The control sequence marked <to be read again> should
not appear between \csname and \endcsname.

! Extra \endcsname.
\@namelet ...fter \endcsname \csname #2\endcsname 
                                                  
l.150 \RequirePackage{pdftexcmds}[2007/11/11]
                                             
I'm ignoring this, since I wasn't doing a \csname.

! Missing \endcsname inserted.
<to be read again> 
                   \relax 
l.150 \RequirePackage{pdftexcmds}[2007/11/11]
                                             
The control sequence marked <to be read again> should
not appear between \csname and \endcsname.

! Extra \endcsname.
\@namelet ...fter \endcsname \csname #2\endcsname 
                                                  
l.150 \RequirePackage{pdftexcmds}[2007/11/11]
                                             
I'm ignoring this, since I wasn't doing a \csname.

Package epstopdf-base Info: Redefining graphics rule for `.eps' on input line 4
38.
Package grfext Info: Graphics extension search list:
(grfext)             [.pdf,.png,.jpg,.mps,.jpeg,.jbig2,.jb2,.PDF,.PNG,.JPG,.JPE
G,.JBIG2,.JB2,.eps]
(grfext)             \AppendGraphicsExtensions on input line 456.

(/bigdata/operations/pkgadmin/opt/linux/centos/7.x/x86_64/pkgs/texlive/2017/tex
mf-dist/tex/latex/latexconfig/epstopdf-sys.cfg
File: epstopdf-sys.cfg 2010/07/13 v1.3 Configuration of (r)epstopdf for TeX Liv
e
)
! Missing \endcsname inserted.
<to be read again> 
                   \relax 
l.465 \InputIfFileExists{epstopdf-sys.cfg}{}{}
                                              
The control sequence marked <to be read again> should
not appear between \csname and \endcsname.

! Extra \endcsname.
\@namelet ...fter \endcsname \csname #2\endcsname 
                                                  
l.465 \InputIfFileExists{epstopdf-sys.cfg}{}{}
                                              
I'm ignoring this, since I wasn't doing a \csname.

! Missing \endcsname inserted.
<to be read again> 
                   \relax 
l.465 \InputIfFileExists{epstopdf-sys.cfg}{}{}
                                              
The control sequence marked <to be read again> should
not appear between \csname and \endcsname.

! Extra \endcsname.
\@namelet ...fter \endcsname \csname #2\endcsname 
                                                  
l.465 \InputIfFileExists{epstopdf-sys.cfg}{}{}
                                              
I'm ignoring this, since I wasn't doing a \csname.

)
! Missing \endcsname inserted.
<to be read again> 
                   \relax 
l.58 \begin{document}
                     
The control sequence marked <to be read again> should
not appear between \csname and \endcsname.

! Extra \endcsname.
\@namelet ...fter \endcsname \csname #2\endcsname 
                                                  
l.58 \begin{document}
                     
I'm ignoring this, since I wasn't doing a \csname.

! Missing \endcsname inserted.
<to be read again> 
                   \relax 
l.58 \begin{document}
                     
The control sequence marked <to be read again> should
not appear between \csname and \endcsname.

! Extra \endcsname.
\@namelet ...fter \endcsname \csname #2\endcsname 
                                                  
l.58 \begin{document}
                     
I'm ignoring this, since I wasn't doing a \csname.

\rownum=\count144
LaTeX Font Info:    External font `cmex10' loaded for size
(Font)              <14.4> on input line 102.
LaTeX Font Info:    External font `cmex10' loaded for size
(Font)              <7> on input line 102.
LaTeX Font Info:    External font `cmex10' loaded for size
(Font)              <17.28> on input line 102.
LaTeX Font Info:    External font `cmex10' loaded for size
(Font)              <12> on input line 102.

Class memoir Warning: The material used in the headers is too large
(22.0pt) for the given head height (2.84526pt), it is recommended to
either increase the head height or redesign the header
(in both cases you will find help in the memoir manual). on input line 102.


Overfull \vbox (19.15474pt too high) has occurred while \output is active []


[1

{/bigdata/operations/pkgadmin/opt/linux/centos/7.x/x86_64/pkgs/texlive/2017/tex
mf-var/fonts/map/pdftex/updmap/pdftex.map}]
<tstv_by_sample.0.pdf, id=9, pagebox=cropbox, 625.96065pt x 199.1693pt>
File: tstv_by_sample.0.pdf Graphic file (type pdf)
<use tstv_by_sample.0.pdf>
Package pdftex.def Info: tstv_by_sample.0.pdf  used on input line 107. on input
 line 107.
Package pdftex.def Info: Requested size: 625.9973pt x 199.16928pt on input line
 107.

Overfull \vbox (19.15474pt too high) has occurred while \output is active []


[2 <./tstv_by_sample.0.pdf>]
<hets_by_sample.0.pdf, id=46, pagebox=cropbox, 625.96065pt x 199.1693pt>
File: hets_by_sample.0.pdf Graphic file (type pdf)
<use hets_by_sample.0.pdf>
Package pdftex.def Info: hets_by_sample.0.pdf  used on input line 111. on input
 line 111.
Package pdftex.def Info: Requested size: 625.9973pt x 199.16928pt on input line
 111.

Overfull \vbox (19.15474pt too high) has occurred while \output is active []


[3 <./hets_by_sample.0.pdf>]
<singletons_by_sample.0.pdf, id=87, pagebox=cropbox, 625.96065pt x 199.1693pt>
File: singletons_by_sample.0.pdf Graphic file (type pdf)
<use singletons_by_sample.0.pdf>
Package pdftex.def Info: singletons_by_sample.0.pdf  used on input line 115. on
 input line 115.
Package pdftex.def Info: Requested size: 625.9973pt x 199.16928pt on input line
 115.

Overfull \vbox (19.15474pt too high) has occurred while \output is active []


[4 <./singletons_by_sample.0.pdf>]
<dp_by_sample.0.pdf, id=128, pagebox=cropbox, 625.96065pt x 199.1693pt>
File: dp_by_sample.0.pdf Graphic file (type pdf)
<use dp_by_sample.0.pdf>
Package pdftex.def Info: dp_by_sample.0.pdf  used on input line 119. on input l
ine 119.
Package pdftex.def Info: Requested size: 625.9973pt x 199.16928pt on input line
 119.

Overfull \vbox (19.15474pt too high) has occurred while \output is active []


[5 <./dp_by_sample.0.pdf>]
<snps_by_sample.0.pdf, id=165, pagebox=cropbox, 625.96065pt x 199.1693pt>
File: snps_by_sample.0.pdf Graphic file (type pdf)
<use snps_by_sample.0.pdf>
Package pdftex.def Info: snps_by_sample.0.pdf  used on input line 123. on input
 line 123.
Package pdftex.def Info: Requested size: 625.9973pt x 199.16928pt on input line
 123.

Overfull \vbox (19.15474pt too high) has occurred while \output is active []


[6 <./snps_by_sample.0.pdf>]
<indels_by_sample.0.pdf, id=204, pagebox=cropbox, 625.96065pt x 199.1693pt>
File: indels_by_sample.0.pdf Graphic file (type pdf)
<use indels_by_sample.0.pdf>
Package pdftex.def Info: indels_by_sample.0.pdf  used on input line 127. on inp
ut line 127.
Package pdftex.def Info: Requested size: 625.9973pt x 199.16928pt on input line
 127.

Overfull \vbox (19.15474pt too high) has occurred while \output is active []


[7 <./indels_by_sample.0.pdf>]
<tstv_by_qual.0.pdf, id=244, pagebox=cropbox, 312.98033pt x 284.52756pt>
File: tstv_by_qual.0.pdf Graphic file (type pdf)
<use tstv_by_qual.0.pdf>
Package pdftex.def Info: tstv_by_qual.0.pdf  used on input line 131. on input l
ine 131.
Package pdftex.def Info: Requested size: 426.79134pt x 388.003pt on input line 
131.

Overfull \vbox (19.15474pt too high) has occurred while \output is active []


[8 <./tstv_by_qual.0.pdf>]
<indels.0.pdf, id=295, pagebox=cropbox, 312.98033pt x 284.52756pt>
File: indels.0.pdf Graphic file (type pdf)
<use indels.0.pdf>
Package pdftex.def Info: indels.0.pdf  used on input line 135. on input line 13
5.
Package pdftex.def Info: Requested size: 426.79134pt x 388.003pt on input line 
135.

Overfull \vbox (19.15474pt too high) has occurred while \output is active []


[9 <./indels.0.pdf>]
<depth.0.pdf, id=332, pagebox=cropbox, 312.98033pt x 284.52756pt>
File: depth.0.pdf Graphic file (type pdf)
<use depth.0.pdf>
Package pdftex.def Info: depth.0.pdf  used on input line 139. on input line 139
.
Package pdftex.def Info: Requested size: 426.79134pt x 388.003pt on input line 
139.

Overfull \vbox (19.15474pt too high) has occurred while \output is active []


[10 <./depth.0.pdf>]
<substitutions.0.pdf, id=375, pagebox=cropbox, 312.98033pt x 284.52756pt>
File: substitutions.0.pdf Graphic file (type pdf)
<use substitutions.0.pdf>
Package pdftex.def Info: substitutions.0.pdf  used on input line 143. on input 
line 143.
Package pdftex.def Info: Requested size: 426.79134pt x 388.003pt on input line 
143.

Overfull \vbox (19.15474pt too high) has occurred while \output is active []


[11 <./substitutions.0.pdf>]

Class memoir Warning: The material used in the headers is too large
(22.0pt) for the given head height (2.84526pt), it is recommended to
either increase the head height or redesign the header
(in both cases you will find help in the memoir manual). on input line 146.

(./summary.aux) ) 
Here is how much of TeX's memory you used:
 5287 strings out of 492990
 77142 string characters out of 6121926
 166258 words of memory out of 5000000
 8822 multiletter control sequences out of 15000+600000
 13642 words of font info for 33 fonts, out of 8000000 for 9000
 1141 hyphenation exceptions out of 8191
 43i,11n,38p,233b,275s stack positions out of 5000i,500n,10000p,200000b,80000s
{/bigdata/operations/pkgadmin/opt/linux/centos/7.x/x86_64/pkgs
/texlive/2017/texmf-dist/fonts/enc/dvips/base/8r.enc}</bigdata/operations/pkgad
min/opt/linux/centos/7.x/x86_64/pkgs/texlive/2017/texmf-dist/fonts/type1/bitstr
ea/charter/bchr8a.pfb></bigdata/operations/pkgadmin/opt/linux/centos/7.x/x86_64
/pkgs/texlive/2017/texmf-dist/fonts/type1/public/amsfonts/cm/cmsy10.pfb></bigda
ta/operations/pkgadmin/opt/linux/centos/7.x/x86_64/pkgs/texlive/2017/texmf-dist
/fonts/type1/public/amsfonts/cm/cmtt12.pfb>
Output written on summary.pdf (11 pages, 123850 bytes).
PDF statistics:
 419 PDF objects out of 1000 (max. 8388607)
 96 compressed objects within 1 object stream
 0 named destinations out of 1000 (max. 500000)
 51 words of extra memory for PDF output out of 10000 (max. 10000000)

